<?xml version="1.0" encoding="UTF-8"?>
<!-- Generated by org.testng.reporters.JUnitXMLReporter -->
<testsuite hostname="DESKTOP-KKMKVTI" ignored="0" name="Test" tests="1" failures="1" timestamp="2022-11-30T19:06:56 IST" time="28.996" errors="0">
  <testcase name="validateImdbAndWiki" time="28.905" classname="runner.Runner">
    <failure type="java.text.ParseException" message="Unparseable date: &amp;quot;December 17, 2021 (United States)&amp;quot;">
      <![CDATA[java.text.ParseException: Unparseable date: "December 17, 2021 (United States)"
at java.text.DateFormat.parse(Unknown Source)
at runner.Runner.validateImdbAndWiki(Runner.java:91)
at java.util.ArrayList.forEach(Unknown Source)
... Removed 27 stack frames]]>
    </failure>
  </testcase> <!-- validateImdbAndWiki -->
</testsuite> <!-- Test -->
